# JRE version: OpenJDK Runtime Environment (17.0.9) (build 17.0.9+0--11185874)
# Java VM: OpenJDK 64-Bit Server VM (17.0.9+0--11185874, mixed mode, tiered, compressed oops, compressed class ptrs, g1 gc, windows-amd64)
GC Precious Log:
 CPUs: 16 total, 16 available
 Memory: 5996M
 Large Page Support: Disabled
 NUMA Support: Disabled
 Compressed Oops: Enabled (32-bit)
 Heap Region Size: 1M
 Heap Min Capacity: 8M
 Heap Initial Capacity: 94M
 Heap Max Capacity: 2G
 Pre-touch: Disabled
 Parallel Workers: 13
 Concurrent Workers: 3
 Concurrent Refinement Workers: 13
 Periodic GC: Disabled
Heap:
 garbage-first heap   total 262144K, used 118217K [0x0000000080000000, 0x0000000100000000)
  region size 1024K, 5 young (5120K), 5 survivors (5120K)
 Metaspace       used 128648K, committed 129472K, reserved 1179648K
  class space    used 18352K, committed 18752K, reserved 1048576K
GC Heap History (20 events):
Event: 39.374 GC heap after
{Heap after GC invocations=29 (full 0):
 garbage-first heap   total 112640K, used 56340K [0x0000000080000000, 0x0000000100000000)
  region size 1024K, 3 young (3072K), 3 survivors (3072K)
 Metaspace       used 67527K, committed 68160K, reserved 1114112K
  class space    used 9159K, committed 9472K, reserved 1048576K
}
Event: 39.401 GC heap before
{Heap before GC invocations=29 (full 0):
 garbage-first heap   total 112640K, used 58388K [0x0000000080000000, 0x0000000100000000)
  region size 1024K, 5 young (5120K), 3 survivors (3072K)
 Metaspace       used 67689K, committed 68288K, reserved 1114112K
  class space    used 9182K, committed 9472K, reserved 1048576K
}
Event: 39.404 GC heap after
{Heap after GC invocations=30 (full 0):
 garbage-first heap   total 262144K, used 56230K [0x0000000080000000, 0x0000000100000000)
  region size 1024K, 1 young (1024K), 1 survivors (1024K)
 Metaspace       used 67689K, committed 68288K, reserved 1114112K
  class space    used 9182K, committed 9472K, reserved 1048576K
}
Event: 40.718 GC heap before
{Heap before GC invocations=30 (full 0):
 garbage-first heap   total 262144K, used 168870K [0x0000000080000000, 0x0000000100000000)
  region size 1024K, 111 young (113664K), 1 survivors (1024K)
 Metaspace       used 76783K, committed 77376K, reserved 1179648K
  class space    used 10415K, committed 10688K, reserved 1048576K
}
Event: 40.725 GC heap after
{Heap after GC invocations=31 (full 0):
 garbage-first heap   total 262144K, used 61118K [0x0000000080000000, 0x0000000100000000)
  region size 1024K, 6 young (6144K), 6 survivors (6144K)
 Metaspace       used 76783K, committed 77376K, reserved 1179648K
  class space    used 10415K, committed 10688K, reserved 1048576K
}
Event: 42.498 GC heap before
{Heap before GC invocations=31 (full 0):
 garbage-first heap   total 262144K, used 191166K [0x0000000080000000, 0x0000000100000000)
  region size 1024K, 132 young (135168K), 6 survivors (6144K)
 Metaspace       used 86572K, committed 87168K, reserved 1179648K
  class space    used 11996K, committed 12288K, reserved 1048576K
}
Event: 42.510 GC heap after
{Heap after GC invocations=32 (full 0):
 garbage-first heap   total 262144K, used 66572K [0x0000000080000000, 0x0000000100000000)
  region size 1024K, 11 young (11264K), 11 survivors (11264K)
 Metaspace       used 86572K, committed 87168K, reserved 1179648K
  class space    used 11996K, committed 12288K, reserved 1048576K
}
Event: 44.110 GC heap before
{Heap before GC invocations=32 (full 0):
 garbage-first heap   total 262144K, used 202764K [0x0000000080000000, 0x0000000100000000)
  region size 1024K, 140 young (143360K), 11 survivors (11264K)
 Metaspace       used 94770K, committed 95552K, reserved 1179648K
  class space    used 13246K, committed 13632K, reserved 1048576K
}
Event: 44.160 GC heap after
{Heap after GC invocations=33 (full 0):
 garbage-first heap   total 262144K, used 75601K [0x0000000080000000, 0x0000000100000000)
  region size 1024K, 15 young (15360K), 15 survivors (15360K)
 Metaspace       used 94770K, committed 95552K, reserved 1179648K
  class space    used 13246K, committed 13632K, reserved 1048576K
}
Event: 45.954 GC heap before
{Heap before GC invocations=33 (full 0):
 garbage-first heap   total 262144K, used 219985K [0x0000000080000000, 0x0000000100000000)
  region size 1024K, 138 young (141312K), 15 survivors (15360K)
 Metaspace       used 100204K, committed 100992K, reserved 1179648K
  class space    used 13815K, committed 14208K, reserved 1048576K
}
Event: 45.975 GC heap after
{Heap after GC invocations=34 (full 0):
 garbage-first heap   total 262144K, used 80113K [0x0000000080000000, 0x0000000100000000)
  region size 1024K, 14 young (14336K), 14 survivors (14336K)
 Metaspace       used 100204K, committed 100992K, reserved 1179648K
  class space    used 13815K, committed 14208K, reserved 1048576K
}
Event: 51.615 GC heap before
{Heap before GC invocations=34 (full 0):
 garbage-first heap   total 262144K, used 205041K [0x0000000080000000, 0x0000000100000000)
  region size 1024K, 137 young (140288K), 14 survivors (14336K)
 Metaspace       used 102113K, committed 102912K, reserved 1179648K
  class space    used 14023K, committed 14400K, reserved 1048576K
}
Event: 51.642 GC heap after
{Heap after GC invocations=35 (full 0):
 garbage-first heap   total 262144K, used 88689K [0x0000000080000000, 0x0000000100000000)
  region size 1024K, 13 young (13312K), 13 survivors (13312K)
 Metaspace       used 102113K, committed 102912K, reserved 1179648K
  class space    used 14023K, committed 14400K, reserved 1048576K
}
Event: 53.236 GC heap before
{Heap before GC invocations=35 (full 0):
 garbage-first heap   total 262144K, used 191089K [0x0000000080000000, 0x0000000100000000)
  region size 1024K, 113 young (115712K), 13 survivors (13312K)
 Metaspace       used 110970K, committed 111680K, reserved 1179648K
  class space    used 15136K, committed 15488K, reserved 1048576K
}
Event: 53.267 GC heap after
{Heap after GC invocations=36 (full 0):
 garbage-first heap   total 262144K, used 104304K [0x0000000080000000, 0x0000000100000000)
  region size 1024K, 17 young (17408K), 17 survivors (17408K)
 Metaspace       used 110970K, committed 111680K, reserved 1179648K
  class space    used 15136K, committed 15488K, reserved 1048576K
}
Event: 54.596 GC heap before
{Heap before GC invocations=37 (full 0):
 garbage-first heap   total 262144K, used 205680K [0x0000000080000000, 0x0000000100000000)
  region size 1024K, 115 young (117760K), 17 survivors (17408K)
 Metaspace       used 119494K, committed 120320K, reserved 1179648K
  class space    used 16597K, committed 16960K, reserved 1048576K
}
Event: 54.632 GC heap after
{Heap after GC invocations=38 (full 0):
 garbage-first heap   total 262144K, used 114670K [0x0000000080000000, 0x0000000100000000)
  region size 1024K, 12 young (12288K), 12 survivors (12288K)
 Metaspace       used 119494K, committed 120320K, reserved 1179648K
  class space    used 16597K, committed 16960K, reserved 1048576K
}
Event: 54.640 GC heap before
{Heap before GC invocations=38 (full 0):
 garbage-first heap   total 262144K, used 115694K [0x0000000080000000, 0x0000000100000000)
  region size 1024K, 13 young (13312K), 12 survivors (12288K)
 Metaspace       used 119595K, committed 120384K, reserved 1179648K
  class space    used 16608K, committed 16960K, reserved 1048576K
}
Event: 54.680 GC heap after
{Heap after GC invocations=39 (full 0):
 garbage-first heap   total 262144K, used 115673K [0x0000000080000000, 0x0000000100000000)
  region size 1024K, 2 young (2048K), 2 survivors (2048K)
 Metaspace       used 119595K, committed 120384K, reserved 1179648K
  class space    used 16608K, committed 16960K, reserved 1048576K
}
Event: 55.263 GC heap before
{Heap before GC invocations=39 (full 0):
 garbage-first heap   total 262144K, used 204761K [0x0000000080000000, 0x0000000100000000)
  region size 1024K, 90 young (92160K), 2 survivors (2048K)
 Metaspace       used 128648K, committed 129472K, reserved 1179648K
  class space    used 18352K, committed 18752K, reserved 1048576K
}

